<?xml version="1.0" encoding="UTF-8"?>
<!-- Generated by org.testng.reporters.JUnitReportReporter -->
<testsuite hostname="CHARANS-PC" name="org.learning.hibernate.tests.LazyLoadingTest" tests="2" failures="0" timestamp="23 Mar 2019 04:33:21 GMT" time="0.434" errors="0">
  <testcase name="testExtraLazyLoading" time="0.423" classname="org.learning.hibernate.tests.LazyLoadingTest"/>
  <testcase name="testLazyLoading" time="0.011" classname="org.learning.hibernate.tests.LazyLoadingTest"/>
</testsuite> <!-- org.learning.hibernate.tests.LazyLoadingTest -->
