<?xml version="1.0" encoding="UTF-8"?>
<!-- Generated by org.testng.reporters.JUnitReportReporter -->
<testsuite hostname="CHARANS-PC" name="org.learning.hibernate.tests.ProxyTest" tests="1" failures="0" timestamp="22 Mar 2019 03:30:13 GMT" time="0.673" errors="0">
  <testcase name="testReference" time="0.673" classname="org.learning.hibernate.tests.ProxyTest"/>
</testsuite> <!-- org.learning.hibernate.tests.ProxyTest -->
