<?xml version="1.0" encoding="UTF-8"?>
<!-- Generated by org.testng.reporters.JUnitReportReporter -->
<testsuite hostname="CHARANS-PC" name="org.learning.hibernate.filtering.Listener.ListenerTest" tests="1" failures="0" timestamp="23 Mar 2019 06:27:27 GMT" time="0.354" errors="0">
  <testcase name="testListener" time="0.354" classname="org.learning.hibernate.filtering.Listener.ListenerTest"/>
</testsuite> <!-- org.learning.hibernate.filtering.Listener.ListenerTest -->
