<?xml version="1.0" encoding="UTF-8"?>
<!-- Generated by org.testng.reporters.JUnitReportReporter -->
<testsuite hostname="CHARANS-PC" name="org.learning.hibernate.filtering.FilteringTest" tests="1" failures="0" timestamp="23 Mar 2019 06:21:55 GMT" time="0.269" errors="0">
  <testcase name="testMergeAndDetach" time="0.269" classname="org.learning.hibernate.filtering.FilteringTest"/>
</testsuite> <!-- org.learning.hibernate.filtering.FilteringTest -->
