<?xml version="1.0" encoding="UTF-8"?>
<!-- Generated by org.testng.reporters.JUnitReportReporter -->
<testsuite hostname="CHARANS-PC" name="org.learning.hibenrate.tests.ConcurrencyTest" tests="2" failures="0" timestamp="21 Mar 2019 16:34:34 GMT" time="0.992" errors="0">
  <testcase name="testManualVersionChecking" time="0.234" classname="org.learning.hibenrate.tests.ConcurrencyTest"/>
  <testcase name="testVersioning" time="0.758" classname="org.learning.hibenrate.tests.ConcurrencyTest"/>
</testsuite> <!-- org.learning.hibenrate.tests.ConcurrencyTest -->
